#! /c/Source/iverilog-install/bin/vvp
:ivl_version "12.0 (devel)" "(s20150603-1539-g2693dd32b)";
:ivl_delay_selection "TYPICAL";
:vpi_time_precision + 0;
:vpi_module "C:\iverilog\lib\ivl\system.vpi";
:vpi_module "C:\iverilog\lib\ivl\vhdl_sys.vpi";
:vpi_module "C:\iverilog\lib\ivl\vhdl_textio.vpi";
:vpi_module "C:\iverilog\lib\ivl\v2005_math.vpi";
:vpi_module "C:\iverilog\lib\ivl\va_math.vpi";
S_00000241b4668d40 .scope module, "Guia_0203" "Guia_0203" 2 6;
 .timescale 0 0;
v00000241b4668ed0_0 .var "a", 7 0;
v00000241b4632b20_0 .var "b", 7 0;
v00000241b46689f0_0 .var "c", 7 0;
v00000241b48088f0_0 .var "d", 7 0;
v00000241b4808990_0 .var "e", 7 0;
S_00000241b4808760 .scope begin, "main" "main" 2 14, 2 14 0, S_00000241b4668d40;
 .timescale 0 0;
    .scope S_00000241b4668d40;
T_0 ;
    %pushi/vec4 104, 0, 8;
    %store/vec4 v00000241b4668ed0_0, 0, 8;
    %pushi/vec4 180, 0, 8;
    %store/vec4 v00000241b4632b20_0, 0, 8;
    %pushi/vec4 156, 0, 8;
    %store/vec4 v00000241b46689f0_0, 0, 8;
    %pushi/vec4 228, 0, 8;
    %store/vec4 v00000241b48088f0_0, 0, 8;
    %pushi/vec4 208, 0, 8;
    %store/vec4 v00000241b4808990_0, 0, 8;
    %end;
    .thread T_0;
    .scope S_00000241b4668d40;
T_1 ;
    %fork t_1, S_00000241b4808760;
    %jmp t_0;
    .scope S_00000241b4808760;
t_1 ;
    %vpi_call 2 16 "$display", "Guia_0203 - Tests" {0 0 0};
    %vpi_call 2 18 "$display", "a = 0.%8b = 0.%d%d%d%d (4)", v00000241b4668ed0_0, &PV<v00000241b4668ed0_0, 6, 2>, &PV<v00000241b4668ed0_0, 4, 2>, &PV<v00000241b4668ed0_0, 2, 2>, &PV<v00000241b4668ed0_0, 0, 2> {0 0 0};
    %vpi_call 2 20 "$display", "b = 0.%8b = 0.%o%o%o (8)", v00000241b4632b20_0, &PV<v00000241b4632b20_0, 5, 3>, &PV<v00000241b4632b20_0, 2, 3>, &PV<v00000241b4632b20_0, 0, 2> {0 0 0};
    %vpi_call 2 22 "$display", "c = 0.%8b = 0.%x%x (16)", v00000241b46689f0_0, &PV<v00000241b46689f0_0, 4, 4>, &PV<v00000241b46689f0_0, 0, 4> {0 0 0};
    %vpi_call 2 24 "$display", "d = 0.%8b = 0.%o%o%o (8)", v00000241b48088f0_0, &PV<v00000241b48088f0_0, 5, 3>, &PV<v00000241b48088f0_0, 2, 3>, &PV<v00000241b48088f0_0, 0, 2> {0 0 0};
    %vpi_call 2 26 "$display", "e = 0.%8b = 0.%x%x (16)", v00000241b4808990_0, &PV<v00000241b4808990_0, 4, 4>, &PV<v00000241b4808990_0, 0, 4> {0 0 0};
    %end;
    .scope S_00000241b4668d40;
t_0 %join;
    %end;
    .thread T_1;
# The file index is used to find the file name in the following table.
:file_names 3;
    "N/A";
    "<interactive>";
    "Guia_0203b.v";
